TN:
SF:src/modules/appointments/services/CreateAppointmentService.ts
FN:19,(anonymous_18)
FN:22,CreateAppointmentService
FN:27,(anonymous_20)
FNF:3
FNH:3
FNDA:1,(anonymous_18)
FNDA:2,CreateAppointmentService
FNDA:3,(anonymous_20)
DA:1,1
DA:3,1
DA:5,1
DA:19,1
DA:24,2
DA:27,3
DA:29,3
DA:31,3
DA:33,3
DA:34,1
DA:36,2
DA:41,2
DA:43,1
DA:45,1
LF:14
LH:14
BRDA:33,0,0,1
BRDA:33,0,1,2
BRF:2
BRH:2
end_of_record
TN:
SF:src/modules/users/services/CreateSessionsService.ts
FN:24,(anonymous_18)
FN:26,CreateSessionsService
FN:31,(anonymous_20)
FNF:3
FNH:0
FNDA:0,(anonymous_18)
FNDA:0,CreateSessionsService
FNDA:0,(anonymous_20)
DA:1,0
DA:2,0
DA:3,0
DA:5,0
DA:9,0
DA:24,0
DA:28,0
DA:31,0
DA:35,0
DA:37,0
DA:38,0
DA:45,0
DA:47,0
DA:48,0
DA:57,0
DA:62,0
DA:67,0
LF:17
LH:0
BRDA:35,0,0,0
BRDA:37,1,0,0
BRDA:37,1,1,0
BRDA:47,2,0,0
BRDA:47,2,1,0
BRF:5
BRH:0
end_of_record
TN:
SF:src/modules/users/services/CreateUserService.ts
FN:16,(anonymous_18)
FN:18,CreateUserService
FN:23,(anonymous_20)
FNF:3
FNH:3
FNDA:1,(anonymous_18)
FNDA:2,CreateUserService
FNDA:3,(anonymous_20)
DA:1,1
DA:2,1
DA:4,1
DA:16,1
DA:20,2
DA:23,3
DA:26,3
DA:28,3
DA:29,0
DA:32,3
DA:35,2
DA:41,2
DA:43,1
DA:45,1
LF:14
LH:13
BRDA:26,0,0,3
BRDA:28,1,0,0
BRDA:28,1,1,3
BRF:3
BRH:2
end_of_record
TN:
SF:src/modules/users/services/UpdateAvatarService.ts
FN:18,(anonymous_18)
FN:20,UpdateAvatarService
FN:25,(anonymous_20)
FNF:3
FNH:0
FNDA:0,(anonymous_18)
FNDA:0,UpdateAvatarService
FNDA:0,(anonymous_20)
DA:1,0
DA:3,0
DA:4,0
DA:6,0
DA:9,0
DA:18,0
DA:22,0
DA:25,0
DA:27,0
DA:29,0
DA:30,0
DA:33,0
DA:35,0
DA:36,0
DA:38,0
DA:39,0
DA:42,0
DA:45,0
DA:47,0
DA:49,0
LF:20
LH:0
BRDA:27,0,0,0
BRDA:29,1,0,0
BRDA:29,1,1,0
BRDA:33,2,0,0
BRDA:33,2,1,0
BRDA:38,3,0,0
BRDA:38,3,1,0
BRF:7
BRH:0
end_of_record
